C:\RTSAIRESEARCH\CASEVISUALIZER\PLANVISUALIZERWIDGET\DEBUG\CHOOSEPLANSTEPDIALOG.OBJ
C:\RtsAiResearch\CaseVisualizer\PlanVisualizerWidget\Debug\cl.command.1.tlog
C:\RtsAiResearch\CaseVisualizer\PlanVisualizerWidget\Debug\CL.read.1.tlog
C:\RtsAiResearch\CaseVisualizer\PlanVisualizerWidget\Debug\CL.write.1.tlog
C:\RtsAiResearch\CaseVisualizer\PlanVisualizerWidget\Debug\custombuild.command.1.tlog
C:\RtsAiResearch\CaseVisualizer\PlanVisualizerWidget\Debug\custombuild.read.1.tlog
C:\RtsAiResearch\CaseVisualizer\PlanVisualizerWidget\Debug\custombuild.write.1.tlog
C:\RTSAIRESEARCH\CASEVISUALIZER\PLANVISUALIZERWIDGET\DEBUG\GRAPHEDGEVIEW.OBJ
C:\RTSAIRESEARCH\CASEVISUALIZER\PLANVISUALIZERWIDGET\DEBUG\GRAPHNODEVIEW.OBJ
C:\RTSAIRESEARCH\CASEVISUALIZER\PLANVISUALIZERWIDGET\DEBUG\GRAPHSCENE.OBJ
C:\RtsAiResearch\CaseVisualizer\PlanVisualizerWidget\Debug\lib.command.1.tlog
C:\RtsAiResearch\CaseVisualizer\PlanVisualizerWidget\Debug\Lib-link.read.1.tlog
C:\RtsAiResearch\CaseVisualizer\PlanVisualizerWidget\Debug\Lib-link.write.1.tlog
C:\RTSAIRESEARCH\CASEVISUALIZER\PLANVISUALIZERWIDGET\DEBUG\MOC_CHOOSEPLANSTEPDIALOG.OBJ
C:\RTSAIRESEARCH\CASEVISUALIZER\PLANVISUALIZERWIDGET\DEBUG\MOC_GRAPHSCENE.OBJ
C:\RTSAIRESEARCH\CASEVISUALIZER\PLANVISUALIZERWIDGET\DEBUG\MOC_PARAMETEREDIT.OBJ
C:\RTSAIRESEARCH\CASEVISUALIZER\PLANVISUALIZERWIDGET\DEBUG\MOC_PLANGRAPHVIEW.OBJ
C:\RTSAIRESEARCH\CASEVISUALIZER\PLANVISUALIZERWIDGET\DEBUG\MOC_PLANSTEPVIEW.OBJ
C:\RTSAIRESEARCH\CASEVISUALIZER\PLANVISUALIZERWIDGET\DEBUG\OLCBPPLANGRAPHADAPTER.OBJ
C:\RTSAIRESEARCH\CASEVISUALIZER\PLANVISUALIZERWIDGET\DEBUG\PARAMETEREDIT.OBJ
C:\RTSAIRESEARCH\CASEVISUALIZER\PLANVISUALIZERWIDGET\DEBUG\PLANGRAPHADAPTER.OBJ
C:\RTSAIRESEARCH\CASEVISUALIZER\PLANVISUALIZERWIDGET\DEBUG\PLANGRAPHVIEW.OBJ
C:\RTSAIRESEARCH\CASEVISUALIZER\PLANVISUALIZERWIDGET\DEBUG\PLANSTEPVIEW.OBJ
C:\RTSAIRESEARCH\CASEVISUALIZER\PLANVISUALIZERWIDGET\DEBUG\PLANVISUALIZERWIDGET.PCH
C:\RtsAiResearch\CaseVisualizer\PlanVisualizerWidget\Debug\PlanVisualizerWidget.vcxprojResolveAssemblyReference.cache
C:\RtsAiResearch\CaseVisualizer\PlanVisualizerWidget\Debug\PlanVisualizerWidget.write.1.tlog
C:\RTSAIRESEARCH\CASEVISUALIZER\PLANVISUALIZERWIDGET\DEBUG\STDAFX.OBJ
C:\RtsAiResearch\CaseVisualizer\PlanVisualizerWidget\Debug\vc100.idb
C:\RTSAIRESEARCH\CASEVISUALIZER\PLANVISUALIZERWIDGET\DEBUG\VC100.PDB
C:\RTSAIRESEARCH\CASEVISUALIZER\PLANVISUALIZERWIDGET\GENERATEDFILES\DEBUG\MOC_CHOOSEPLANSTEPDIALOG.CPP
C:\RTSAIRESEARCH\CASEVISUALIZER\PLANVISUALIZERWIDGET\GENERATEDFILES\DEBUG\MOC_GRAPHSCENE.CPP
C:\RTSAIRESEARCH\CASEVISUALIZER\PLANVISUALIZERWIDGET\GENERATEDFILES\DEBUG\MOC_PARAMETEREDIT.CPP
C:\RTSAIRESEARCH\CASEVISUALIZER\PLANVISUALIZERWIDGET\GENERATEDFILES\DEBUG\MOC_PLANGRAPHVIEW.CPP
C:\RTSAIRESEARCH\CASEVISUALIZER\PLANVISUALIZERWIDGET\GENERATEDFILES\DEBUG\MOC_PLANSTEPVIEW.CPP
C:\RTSAIRESEARCH\CASEVISUALIZER\PLANVISUALIZERWIDGET\GENERATEDFILES\UI_CHOOSEPLANSTEPDIALOG.H
C:\RTSAIRESEARCH\CASEVISUALIZER\PLANVISUALIZERWIDGET\GENERATEDFILES\UI_PARAMETEREDIT.H
C:\RTSAIRESEARCH\CASEVISUALIZER\PLANVISUALIZERWIDGET\GENERATEDFILES\UI_PLANGRAPHVIEW.H
C:\RTSAIRESEARCH\CASEVISUALIZER\PLANVISUALIZERWIDGET\GENERATEDFILES\UI_PLANSTEPVIEW.H
C:\RtsAiResearch\IStrategizer\Build\\Debug\PlanVisualizerWidget.lib
C:\RTSAIRESEARCH\ISTRATEGIZER\BUILD\DEBUG\PLANVISUALIZERWIDGET.LIB
